\BOOKMARK [0][-]{chapter.1}{\376\377\201\250\200\300\116\055\166\204\133\207\133\231}{}% 1
\BOOKMARK [1][-]{section.1.1}{\376\377\133\207\133\231\133\146\127\372\147\054\123\237\164\006}{chapter.1}% 2
\BOOKMARK [1][-]{section.1.2}{\376\377\000H\000u\000b\000b\000l\000e\133\232\137\213}{chapter.1}% 3
\BOOKMARK [1][-]{section.1.3}{\376\377\000N\000e\000w\000t\000o\000n\133\207\133\231\133\146\116\055\166\204\122\250\122\233\133\146}{chapter.1}% 4
\BOOKMARK [2][-]{subsection.1.3.1}{\376\377\217\336\176\355\140\047\145\271\172\013}{section.1.3}% 5
\BOOKMARK [2][-]{subsection.1.3.2}{\376\377\122\240\220\037\145\271\172\013}{section.1.3}% 6
\BOOKMARK [2][-]{subsection.1.3.3}{\376\377\162\133\230\177\211\343}{section.1.3}% 7
\BOOKMARK [1][-]{section.1.4}{\376\377\116\316\000N\000e\000w\000t\000o\000n\133\207\133\231\122\060\166\370\133\371\213\272\133\207\133\231}{chapter.1}% 8
\BOOKMARK [2][-]{subsection.1.4.1}{\376\377\127\107\123\000\123\312\124\004\124\021\124\014\140\047\172\172\225\364\166\204\121\340\117\125}{section.1.4}% 9
\BOOKMARK [2][-]{subsection.1.4.2}{\376\377\000E\000i\000n\000s\000t\000e\000i\000n\145\271\172\013\124\214\133\207\133\231\157\024\123\026}{section.1.4}% 10
\BOOKMARK [0][-]{appendix.A}{\376\377\136\177\116\111\166\370\133\371\213\272\173\200\116\313}{}% 11
\BOOKMARK [1][-]{section.A.1}{\376\377\173\111\145\110\123\237\164\006}{appendix.A}% 12
\BOOKMARK [1][-]{section.A.2}{\376\377\136\177\116\111\166\370\133\371\140\047\123\237\164\006\116\016\136\177\116\111\123\117\123\330\123\237\164\006}{appendix.A}% 13
\BOOKMARK [1][-]{section.A.3}{\376\377\136\246\211\304}{appendix.A}% 14
\BOOKMARK [1][-]{section.A.4}{\376\377\137\040\221\317\060\001\167\342\221\317\116\016\150\007\221\317}{appendix.A}% 15
\BOOKMARK [1][-]{section.A.5}{\376\377\116\377\134\004\200\124\176\334}{appendix.A}% 16
\BOOKMARK [1][-]{section.A.6}{\376\377\137\025\122\233\145\110\136\224\137\025\215\167\166\204\145\366\225\364\201\250\200\300}{appendix.A}% 17
\BOOKMARK [1][-]{section.A.7}{\376\377\123\117\123\330\133\374\145\160}{appendix.A}% 18
\BOOKMARK [1][-]{section.A.8}{\376\377\000L\000i\000e\133\374\145\160}{appendix.A}% 19
\BOOKMARK [1][-]{section.A.9}{\376\377\166\370\133\371\213\272\140\047\116\016\227\136\166\370\133\371\213\272\140\047\164\006\140\363\155\101\117\123}{appendix.A}% 20
